0 info it worked if it ends with ok
1 verbose cli [ 'node', '/usr/local/bin/npm', 'install' ]
2 info using npm@1.1.69
3 info using node@v0.8.16
4 verbose read json /Users/taoxia/projects/SmartRead/package.json
5 warn package.json smart-read@0.0.1 No README.md file found!
6 verbose readDependencies using package.json deps
7 verbose install where, deps [ '/Users/taoxia/projects/SmartRead',
7 verbose install   [ 'express',
7 verbose install     'mongodb',
7 verbose install     'bcrypt',
7 verbose install     'moment',
7 verbose install     'emailjs',
7 verbose install     'underscore',
7 verbose install     'socket.io',
7 verbose install     'feedparser',
7 verbose install     'cheerio',
7 verbose install     'request' ] ]
8 verbose from cache /Users/taoxia/projects/SmartRead/package.json
9 info preinstall smart-read@0.0.1
10 verbose read json /Users/taoxia/projects/SmartRead/node_modules/bcrypt/package.json
11 verbose read json /Users/taoxia/projects/SmartRead/node_modules/emailjs/package.json
12 verbose read json /Users/taoxia/projects/SmartRead/node_modules/express/package.json
13 verbose read json /Users/taoxia/projects/SmartRead/node_modules/moment/package.json
14 verbose read json /Users/taoxia/projects/SmartRead/node_modules/mongodb/package.json
15 verbose read json /Users/taoxia/projects/SmartRead/node_modules/socket.io/package.json
16 verbose read json /Users/taoxia/projects/SmartRead/node_modules/underscore/package.json
17 verbose from cache /Users/taoxia/projects/SmartRead/package.json
18 verbose readDependencies using package.json deps
19 verbose read json /Users/taoxia/projects/SmartRead/node_modules/.bin/package.json
20 verbose from cache /Users/taoxia/projects/SmartRead/node_modules/bcrypt/package.json
21 verbose from cache /Users/taoxia/projects/SmartRead/node_modules/emailjs/package.json
22 verbose from cache /Users/taoxia/projects/SmartRead/node_modules/express/package.json
23 verbose from cache /Users/taoxia/projects/SmartRead/node_modules/moment/package.json
24 verbose from cache /Users/taoxia/projects/SmartRead/node_modules/mongodb/package.json
25 verbose from cache /Users/taoxia/projects/SmartRead/node_modules/socket.io/package.json
26 verbose from cache /Users/taoxia/projects/SmartRead/node_modules/underscore/package.json
27 verbose already installed skipping express@3.x /Users/taoxia/projects/SmartRead
28 verbose already installed skipping mongodb@1.1.8 /Users/taoxia/projects/SmartRead
29 verbose already installed skipping bcrypt@0.7.3 /Users/taoxia/projects/SmartRead
30 verbose already installed skipping moment@1.7.2 /Users/taoxia/projects/SmartRead
31 verbose already installed skipping emailjs@0.3.4 /Users/taoxia/projects/SmartRead
32 verbose already installed skipping underscore@1.4.3 /Users/taoxia/projects/SmartRead
33 verbose already installed skipping socket.io@0.9.10 /Users/taoxia/projects/SmartRead
34 verbose cache add [ 'feedparser@0.10.13', null ]
35 silly cache add name=undefined spec="feedparser@0.10.13" args=["feedparser@0.10.13",null]
36 verbose parsed url { pathname: 'feedparser@0.10.13',
36 verbose parsed url   path: 'feedparser@0.10.13',
36 verbose parsed url   href: 'feedparser@0.10.13' }
37 silly cache add name="feedparser" spec="0.10.13" args=["feedparser","0.10.13"]
38 verbose parsed url { pathname: '0.10.13', path: '0.10.13', href: '0.10.13' }
39 verbose addNamed [ 'feedparser', '0.10.13' ]
40 verbose addNamed [ '0.10.13', '0.10.13' ]
41 verbose cache add [ 'cheerio@0.10.5', null ]
42 silly cache add name=undefined spec="cheerio@0.10.5" args=["cheerio@0.10.5",null]
43 verbose parsed url { pathname: 'cheerio@0.10.5',
43 verbose parsed url   path: 'cheerio@0.10.5',
43 verbose parsed url   href: 'cheerio@0.10.5' }
44 silly cache add name="cheerio" spec="0.10.5" args=["cheerio","0.10.5"]
45 verbose parsed url { pathname: '0.10.5', path: '0.10.5', href: '0.10.5' }
46 verbose addNamed [ 'cheerio', '0.10.5' ]
47 verbose addNamed [ '0.10.5', '0.10.5' ]
48 verbose cache add [ 'request@2.12.0', null ]
49 silly cache add name=undefined spec="request@2.12.0" args=["request@2.12.0",null]
50 verbose parsed url { pathname: 'request@2.12.0',
50 verbose parsed url   path: 'request@2.12.0',
50 verbose parsed url   href: 'request@2.12.0' }
51 silly cache add name="request" spec="2.12.0" args=["request","2.12.0"]
52 verbose parsed url { pathname: '2.12.0', path: '2.12.0', href: '2.12.0' }
53 verbose addNamed [ 'request', '2.12.0' ]
54 verbose addNamed [ '2.12.0', '2.12.0' ]
55 silly lockFile 9ec69bfd-feedparser-0-10-13 feedparser@0.10.13
56 verbose lock feedparser@0.10.13 /Users/taoxia/.npm/9ec69bfd-feedparser-0-10-13.lock
57 silly lockFile 22feae5b-cheerio-0-10-5 cheerio@0.10.5
58 verbose lock cheerio@0.10.5 /Users/taoxia/.npm/22feae5b-cheerio-0-10-5.lock
59 silly lockFile ba282548-request-2-12-0 request@2.12.0
60 verbose lock request@2.12.0 /Users/taoxia/.npm/ba282548-request-2-12-0.lock
61 silly lockFile 9ec69bfd-feedparser-0-10-13 feedparser@0.10.13
62 silly lockFile 22feae5b-cheerio-0-10-5 cheerio@0.10.5
63 silly lockFile ba282548-request-2-12-0 request@2.12.0
64 error Error: EACCES, open '/Users/taoxia/.npm/9ec69bfd-feedparser-0-10-13.lock'
64 error  { [Error: EACCES, open '/Users/taoxia/.npm/9ec69bfd-feedparser-0-10-13.lock']
64 error   errno: 3,
64 error   code: 'EACCES',
64 error   path: '/Users/taoxia/.npm/9ec69bfd-feedparser-0-10-13.lock' }
65 error Please try running this command again as root/Administrator.
66 error System Darwin 11.4.2
67 error command "node" "/usr/local/bin/npm" "install"
68 error cwd /Users/taoxia/projects/SmartRead/data_store
69 error node -v v0.8.16
70 error npm -v 1.1.69
71 error path /Users/taoxia/.npm/9ec69bfd-feedparser-0-10-13.lock
72 error code EACCES
73 error errno 3
74 error stack Error: EACCES, open '/Users/taoxia/.npm/9ec69bfd-feedparser-0-10-13.lock'
75 verbose exit [ 3, true ]
